[Shopify App] Shopify App plugin installed but no config/shopify.yml found.
[Shopify App] Loading API credentials from config/shopify.yml


Processing HomeController#index (for 127.0.0.1 at 2009-10-09 00:03:16) [GET]
Redirected to http://localhost:3000/login
Filter chain halted as [#<ActionController::Filters::AroundFilter:0x101d2aff8 @options={:except=>#<Set: {"welcome"}>}, @identifier=nil, @method=:shopify_session, @kind=:filter>] did_not_yield.
Completed in 8ms (DB: 0) | 302 Found [http://localhost/]


Processing LoginController#index (for 127.0.0.1 at 2009-10-09 00:03:16) [GET]
Rendering template within layouts/application
Rendering login/index
Completed in 27ms (View: 25, DB: 0) | 200 OK [http://localhost/login]


Processing HomeController#design (for 127.0.0.1 at 2009-10-09 00:03:56) [GET]
Redirected to http://localhost:3000/login
Filter chain halted as [#<ActionController::Filters::AroundFilter:0x1044b4d30 @options={:except=>#<Set: {"welcome"}>}, @identifier=nil, @method=:shopify_session, @kind=:filter>] did_not_yield.
Completed in 1ms (DB: 0) | 302 Found [http://localhost/home/design]


Processing LoginController#index (for 127.0.0.1 at 2009-10-09 00:03:56) [GET]
Rendering template within layouts/application
Rendering login/index
Completed in 4ms (View: 3, DB: 0) | 200 OK [http://localhost/login]


Processing LoginController#authenticate (for 127.0.0.1 at 2009-10-09 00:04:29) [POST]
  Parameters: {"shop"=>"bahringer-buckridge-and-quigley8926", "commit"=>"Install", "authenticity_token"=>"AV/fauW72UCyVkPds2qOZz1sfk5cbEj9+jwWgnN+DlE="}
Redirected to http://bahringer-buckridge-and-quigley8926.myshopify.com/admin/api/auth?api_key=f0ea3e68d3f808ddbaf0faa5431f92f1
Completed in 2ms (DB: 0) | 302 Found [http://localhost/login/authenticate]


Processing LoginController#finalize (for 127.0.0.1 at 2009-10-09 00:04:44) [GET]
  Parameters: {"shop"=>"bahringer-buckridge-and-quigley8926.myshopify.com", "timestamp"=>"1255061084", "signature"=>"b650828f411e254b806b5fc3256335fd", "t"=>"72c27d483ed0b63fca8802397e21eb9e"}
Redirected to http://localhost:3000/home/design
Completed in 28ms (DB: 0) | 302 Found [http://localhost/login/finalize?timestamp=1255061084&shop=bahringer-buckridge-and-quigley8926.myshopify.com&signature=b650828f411e254b806b5fc3256335fd&t=72c27d483ed0b63fca8802397e21eb9e]


Processing HomeController#design (for 127.0.0.1 at 2009-10-09 00:04:45) [GET]
Rendering template within layouts/application
Rendering home/design
Completed in 12ms (View: 10, DB: 0) | 200 OK [http://localhost/home/design]
[Shopify App] Loading API credentials from config/shopify.yml
[Shopify App] Loading API credentials from config/shopify.yml
[Shopify App] Loading API credentials from config/shopify.yml
[Shopify App] Loading API credentials from config/shopify.yml


Processing HomeController#index (for 127.0.0.1 at 2009-10-09 00:18:37) [GET]
Rendering template within layouts/application
Rendering home/index
Completed in 6276ms (View: 1000, DB: 0) | 200 OK [http://localhost/]


Processing LoginController#logout (for 127.0.0.1 at 2009-10-09 00:19:03) [GET]
Redirected to http://localhost:3000/login
Completed in 2ms (DB: 0) | 302 Found [http://localhost/login/logout]


Processing LoginController#index (for 127.0.0.1 at 2009-10-09 00:19:03) [GET]
Rendering template within layouts/application
Rendering login/index
Completed in 72ms (View: 11, DB: 0) | 200 OK [http://localhost/login]


Processing HomeController#index (for 127.0.0.1 at 2009-10-09 00:19:08) [GET]
Redirected to http://localhost:3000/login
Filter chain halted as [#<ActionController::Filters::AroundFilter:0x104465b90 @options={:except=>#<Set: {"welcome"}>}, @identifier=nil, @method=:shopify_session, @kind=:filter>] did_not_yield.
Completed in 1ms (DB: 0) | 302 Found [http://localhost/]


Processing LoginController#index (for 127.0.0.1 at 2009-10-09 00:19:08) [GET]
Rendering template within layouts/application
Rendering login/index
Completed in 5ms (View: 4, DB: 0) | 200 OK [http://localhost/login]
[Shopify App] Loading API credentials from config/shopify.yml
[Shopify App] Loading API credentials from config/shopify.yml
  [4;36;1mSQL (0.3ms)[0m   [0;1m SELECT name
 FROM sqlite_master
 WHERE type = 'table' AND NOT name = 'sqlite_sequence'
[0m
  [4;35;1mSQL (0.1ms)[0m   [0mselect sqlite_version(*)[0m
  [4;36;1mSQL (3.0ms)[0m   [0;1mCREATE TABLE "schema_migrations" ("version" varchar(255) NOT NULL) [0m
  [4;35;1mSQL (1.4ms)[0m   [0mCREATE UNIQUE INDEX "unique_schema_migrations" ON "schema_migrations" ("version")[0m
  [4;36;1mSQL (0.2ms)[0m   [0;1m SELECT name
 FROM sqlite_master
 WHERE type = 'table' AND NOT name = 'sqlite_sequence'
[0m
  [4;35;1mSQL (0.1ms)[0m   [0mSELECT version FROM schema_migrations[0m
Migrating to CreateShops (20091009041656)
  [4;36;1mSQL (0.6ms)[0m   [0;1mCREATE TABLE "shops" ("id" INTEGER PRIMARY KEY AUTOINCREMENT NOT NULL, "url" varchar(255), "pin" varchar(255), "callout" varchar(255), "created_at" datetime, "updated_at" datetime) [0m
  [4;35;1mSQL (0.1ms)[0m   [0mINSERT INTO schema_migrations (version) VALUES ('20091009041656')[0m
  [4;36;1mSQL (0.3ms)[0m   [0;1m SELECT name
 FROM sqlite_master
 WHERE type = 'table' AND NOT name = 'sqlite_sequence'
[0m
  [4;35;1mSQL (0.1ms)[0m   [0mSELECT version FROM schema_migrations[0m
  [4;36;1mSQL (0.1ms)[0m   [0;1m SELECT name
 FROM sqlite_master
 WHERE type = 'table' AND NOT name = 'sqlite_sequence'
[0m
  [4;35;1mSQL (0.1ms)[0m   [0mPRAGMA index_list("shops")[0m
